<?xml version="1.0" encoding="UTF-8"?>
<coverage generated="1616236445680" clover="3.2.0">
  <project timestamp="1616236445680" name="All files">
    <metrics statements="183" coveredstatements="57" conditionals="29" coveredconditionals="5" methods="140" coveredmethods="31" elements="352" coveredelements="93" complexity="0" loc="183" ncloc="183" packages="4" files="25" classes="25"/>
    <package name="src">
      <metrics statements="7" coveredstatements="2" conditionals="2" coveredconditionals="1" methods="2" coveredmethods="2"/>
      <file name="App.js" path="/Users/fandisujatmiko/Downloads/project/fanforfan/src/App.js">
        <metrics statements="5" coveredstatements="2" conditionals="2" coveredconditionals="1" methods="2" coveredmethods="2"/>
        <line num="34" count="1" type="cond" truecount="1" falsecount="1"/>
        <line num="35" count="0" type="stmt"/>
        <line num="36" count="0" type="stmt"/>
        <line num="37" count="0" type="stmt"/>
        <line num="41" count="1" type="stmt"/>
      </file>
      <file name="index.js" path="/Users/fandisujatmiko/Downloads/project/fanforfan/src/index.js">
        <metrics statements="2" coveredstatements="0" conditionals="0" coveredconditionals="0" methods="0" coveredmethods="0"/>
        <line num="15" count="0" type="stmt"/>
        <line num="25" count="0" type="stmt"/>
      </file>
    </package>
    <package name="src.Footers">
      <metrics statements="2" coveredstatements="1" conditionals="0" coveredconditionals="0" methods="2" coveredmethods="1"/>
      <file name="CardsFooter.js" path="/Users/fandisujatmiko/Downloads/project/fanforfan/src/Footers/CardsFooter.js">
        <metrics statements="1" coveredstatements="1" conditionals="0" coveredconditionals="0" methods="1" coveredmethods="1"/>
        <line num="40" count="1" type="stmt"/>
      </file>
      <file name="SimpleFooter.js" path="/Users/fandisujatmiko/Downloads/project/fanforfan/src/Footers/SimpleFooter.js">
        <metrics statements="1" coveredstatements="0" conditionals="0" coveredconditionals="0" methods="1" coveredmethods="0"/>
        <line num="34" count="0" type="stmt"/>
      </file>
    </package>
    <package name="src.IndexSections">
      <metrics statements="166" coveredstatements="48" conditionals="27" coveredconditionals="4" methods="132" coveredmethods="26"/>
      <file name="Alerts.js" path="/Users/fandisujatmiko/Downloads/project/fanforfan/src/IndexSections/Alerts.js">
        <metrics statements="1" coveredstatements="1" conditionals="0" coveredconditionals="0" methods="1" coveredmethods="1"/>
        <line num="25" count="1" type="stmt"/>
      </file>
      <file name="Buttons.js" path="/Users/fandisujatmiko/Downloads/project/fanforfan/src/IndexSections/Buttons.js">
        <metrics statements="7" coveredstatements="1" conditionals="0" coveredconditionals="0" methods="7" coveredmethods="1"/>
        <line num="25" count="1" type="stmt"/>
        <line num="165" count="0" type="stmt"/>
        <line num="173" count="0" type="stmt"/>
        <line num="181" count="0" type="stmt"/>
        <line num="189" count="0" type="stmt"/>
        <line num="197" count="0" type="stmt"/>
        <line num="205" count="0" type="stmt"/>
      </file>
      <file name="Carousel.js" path="/Users/fandisujatmiko/Downloads/project/fanforfan/src/IndexSections/Carousel.js">
        <metrics statements="2" coveredstatements="2" conditionals="0" coveredconditionals="0" methods="1" coveredmethods="1"/>
        <line num="26" count="1" type="stmt"/>
        <line num="43" count="1" type="stmt"/>
      </file>
      <file name="CustomControls.js" path="/Users/fandisujatmiko/Downloads/project/fanforfan/src/IndexSections/CustomControls.js">
        <metrics statements="8" coveredstatements="8" conditionals="0" coveredconditionals="0" methods="4" coveredmethods="4"/>
        <line num="25" count="1" type="stmt"/>
        <line num="32" count="1" type="stmt"/>
        <line num="33" count="1" type="stmt"/>
        <line num="41" count="1" type="stmt"/>
        <line num="46" count="1" type="stmt"/>
        <line num="47" count="1" type="stmt"/>
        <line num="55" count="2" type="stmt"/>
        <line num="60" count="2" type="stmt"/>
      </file>
      <file name="Datepicker.js" path="/Users/fandisujatmiko/Downloads/project/fanforfan/src/IndexSections/Datepicker.js">
        <metrics statements="26" coveredstatements="13" conditionals="27" coveredconditionals="4" methods="7" coveredmethods="4"/>
        <line num="33" count="1" type="stmt"/>
        <line num="34" count="1" type="stmt"/>
        <line num="35" count="0" type="cond" truecount="0" falsecount="2"/>
        <line num="40" count="0" type="stmt"/>
        <line num="44" count="0" type="cond" truecount="0" falsecount="2"/>
        <line num="49" count="0" type="stmt"/>
        <line num="54" count="0" type="stmt"/>
        <line num="64" count="1" type="stmt"/>
        <line num="65" count="84" type="cond" truecount="2" falsecount="2"/>
        <line num="67" count="84" type="cond" truecount="1" falsecount="1"/>
        <line num="72" count="0" type="cond" truecount="0" falsecount="2"/>
        <line num="76" count="0" type="stmt"/>
        <line num="78" count="0" type="cond" truecount="0" falsecount="2"/>
        <line num="79" count="0" type="stmt"/>
        <line num="81" count="0" type="cond" truecount="0" falsecount="2"/>
        <line num="82" count="0" type="stmt"/>
        <line num="85" count="84" type="stmt"/>
        <line num="88" count="1" type="stmt"/>
        <line num="134" count="0" type="stmt"/>
        <line num="137" count="42" type="stmt"/>
        <line num="138" count="42" type="stmt"/>
        <line num="141" count="42" type="stmt"/>
        <line num="167" count="0" type="stmt"/>
        <line num="170" count="42" type="stmt"/>
        <line num="171" count="42" type="stmt"/>
        <line num="174" count="42" type="stmt"/>
      </file>
      <file name="Download.js" path="/Users/fandisujatmiko/Downloads/project/fanforfan/src/IndexSections/Download.js">
        <metrics statements="1" coveredstatements="1" conditionals="0" coveredconditionals="0" methods="1" coveredmethods="1"/>
        <line num="26" count="1" type="stmt"/>
      </file>
      <file name="Hero.js" path="/Users/fandisujatmiko/Downloads/project/fanforfan/src/IndexSections/Hero.js">
        <metrics statements="1" coveredstatements="1" conditionals="0" coveredconditionals="0" methods="1" coveredmethods="1"/>
        <line num="27" count="1" type="stmt"/>
      </file>
      <file name="Icons.js" path="/Users/fandisujatmiko/Downloads/project/fanforfan/src/IndexSections/Icons.js">
        <metrics statements="1" coveredstatements="1" conditionals="0" coveredconditionals="0" methods="1" coveredmethods="1"/>
        <line num="25" count="1" type="stmt"/>
      </file>
      <file name="Inputs.js" path="/Users/fandisujatmiko/Downloads/project/fanforfan/src/IndexSections/Inputs.js">
        <metrics statements="10" coveredstatements="2" conditionals="0" coveredconditionals="0" methods="9" coveredmethods="1"/>
        <line num="34" count="1" type="stmt"/>
        <line num="36" count="1" type="stmt"/>
        <line num="66" count="0" type="stmt"/>
        <line num="67" count="0" type="stmt"/>
        <line num="85" count="0" type="stmt"/>
        <line num="86" count="0" type="stmt"/>
        <line num="145" count="0" type="stmt"/>
        <line num="146" count="0" type="stmt"/>
        <line num="170" count="0" type="stmt"/>
        <line num="173" count="0" type="stmt"/>
      </file>
      <file name="Labels.js" path="/Users/fandisujatmiko/Downloads/project/fanforfan/src/IndexSections/Labels.js">
        <metrics statements="1" coveredstatements="1" conditionals="0" coveredconditionals="0" methods="1" coveredmethods="1"/>
        <line num="25" count="1" type="stmt"/>
      </file>
      <file name="Login.js" path="/Users/fandisujatmiko/Downloads/project/fanforfan/src/IndexSections/Login.js">
        <metrics statements="8" coveredstatements="2" conditionals="0" coveredconditionals="0" methods="7" coveredmethods="1"/>
        <line num="44" count="1" type="stmt"/>
        <line num="46" count="1" type="stmt"/>
        <line num="99" count="0" type="stmt"/>
        <line num="113" count="0" type="stmt"/>
        <line num="145" count="0" type="stmt"/>
        <line num="148" count="0" type="stmt"/>
        <line num="169" count="0" type="stmt"/>
        <line num="172" count="0" type="stmt"/>
      </file>
      <file name="Menus.js" path="/Users/fandisujatmiko/Downloads/project/fanforfan/src/IndexSections/Menus.js">
        <metrics statements="13" coveredstatements="1" conditionals="0" coveredconditionals="0" methods="13" coveredmethods="1"/>
        <line num="42" count="1" type="stmt"/>
        <line num="59" count="0" type="stmt"/>
        <line num="93" count="0" type="stmt"/>
        <line num="101" count="0" type="stmt"/>
        <line num="114" count="0" type="stmt"/>
        <line num="120" count="0" type="stmt"/>
        <line num="127" count="0" type="stmt"/>
        <line num="148" count="0" type="stmt"/>
        <line num="182" count="0" type="stmt"/>
        <line num="194" count="0" type="stmt"/>
        <line num="215" count="0" type="stmt"/>
        <line num="221" count="0" type="stmt"/>
        <line num="228" count="0" type="stmt"/>
      </file>
      <file name="Modals.js" path="/Users/fandisujatmiko/Downloads/project/fanforfan/src/IndexSections/Modals.js">
        <metrics statements="20" coveredstatements="3" conditionals="0" coveredconditionals="0" methods="18" coveredmethods="1"/>
        <line num="42" count="1" type="stmt"/>
        <line num="43" count="1" type="stmt"/>
        <line num="44" count="0" type="stmt"/>
        <line num="49" count="1" type="stmt"/>
        <line num="62" count="0" type="stmt"/>
        <line num="69" count="0" type="stmt"/>
        <line num="80" count="0" type="stmt"/>
        <line num="107" count="0" type="stmt"/>
        <line num="120" count="0" type="stmt"/>
        <line num="128" count="0" type="stmt"/>
        <line num="139" count="0" type="stmt"/>
        <line num="163" count="0" type="stmt"/>
        <line num="175" count="0" type="stmt"/>
        <line num="183" count="0" type="stmt"/>
        <line num="196" count="0" type="stmt"/>
        <line num="210" count="0" type="stmt"/>
        <line num="241" count="0" type="stmt"/>
        <line num="242" count="0" type="stmt"/>
        <line num="262" count="0" type="stmt"/>
        <line num="265" count="0" type="stmt"/>
      </file>
      <file name="Navbars.js" path="/Users/fandisujatmiko/Downloads/project/fanforfan/src/IndexSections/Navbars.js">
        <metrics statements="32" coveredstatements="1" conditionals="0" coveredconditionals="0" methods="32" coveredmethods="1"/>
        <line num="42" count="1" type="stmt"/>
        <line num="54" count="0" type="stmt"/>
        <line num="84" count="0" type="stmt"/>
        <line num="96" count="0" type="stmt"/>
        <line num="117" count="0" type="stmt"/>
        <line num="123" count="0" type="stmt"/>
        <line num="130" count="0" type="stmt"/>
        <line num="143" count="0" type="stmt"/>
        <line num="170" count="0" type="stmt"/>
        <line num="175" count="0" type="stmt"/>
        <line num="187" count="0" type="stmt"/>
        <line num="193" count="0" type="stmt"/>
        <line num="200" count="0" type="stmt"/>
        <line num="213" count="0" type="stmt"/>
        <line num="243" count="0" type="stmt"/>
        <line num="255" count="0" type="stmt"/>
        <line num="276" count="0" type="stmt"/>
        <line num="282" count="0" type="stmt"/>
        <line num="289" count="0" type="stmt"/>
        <line num="302" count="0" type="stmt"/>
        <line num="332" count="0" type="stmt"/>
        <line num="344" count="0" type="stmt"/>
        <line num="356" count="0" type="stmt"/>
        <line num="368" count="0" type="stmt"/>
        <line num="383" count="0" type="stmt"/>
        <line num="413" count="0" type="stmt"/>
        <line num="425" count="0" type="stmt"/>
        <line num="437" count="0" type="stmt"/>
        <line num="452" count="0" type="stmt"/>
        <line num="482" count="0" type="stmt"/>
        <line num="492" count="0" type="stmt"/>
        <line num="502" count="0" type="stmt"/>
      </file>
      <file name="Pagination.js" path="/Users/fandisujatmiko/Downloads/project/fanforfan/src/IndexSections/Pagination.js">
        <metrics statements="13" coveredstatements="1" conditionals="0" coveredconditionals="0" methods="13" coveredmethods="1"/>
        <line num="25" count="1" type="stmt"/>
        <line num="32" count="0" type="stmt"/>
        <line num="37" count="0" type="stmt"/>
        <line num="42" count="0" type="stmt"/>
        <line num="47" count="0" type="stmt"/>
        <line num="52" count="0" type="stmt"/>
        <line num="61" count="0" type="stmt"/>
        <line num="66" count="0" type="stmt"/>
        <line num="71" count="0" type="stmt"/>
        <line num="76" count="0" type="stmt"/>
        <line num="81" count="0" type="stmt"/>
        <line num="86" count="0" type="stmt"/>
        <line num="91" count="0" type="stmt"/>
      </file>
      <file name="Pills.js" path="/Users/fandisujatmiko/Downloads/project/fanforfan/src/IndexSections/Pills.js">
        <metrics statements="8" coveredstatements="3" conditionals="0" coveredconditionals="0" methods="5" coveredmethods="1"/>
        <line num="25" count="1" type="stmt"/>
        <line num="28" count="1" type="stmt"/>
        <line num="29" count="0" type="stmt"/>
        <line num="30" count="0" type="stmt"/>
        <line num="35" count="1" type="stmt"/>
        <line num="48" count="0" type="stmt"/>
        <line num="63" count="0" type="stmt"/>
        <line num="78" count="0" type="stmt"/>
      </file>
      <file name="Progress.js" path="/Users/fandisujatmiko/Downloads/project/fanforfan/src/IndexSections/Progress.js">
        <metrics statements="1" coveredstatements="1" conditionals="0" coveredconditionals="0" methods="1" coveredmethods="1"/>
        <line num="25" count="1" type="stmt"/>
      </file>
      <file name="Tabs.js" path="/Users/fandisujatmiko/Downloads/project/fanforfan/src/IndexSections/Tabs.js">
        <metrics statements="11" coveredstatements="3" conditionals="0" coveredconditionals="0" methods="8" coveredmethods="1"/>
        <line num="36" count="1" type="stmt"/>
        <line num="40" count="1" type="stmt"/>
        <line num="41" count="0" type="stmt"/>
        <line num="42" count="0" type="stmt"/>
        <line num="47" count="1" type="stmt"/>
        <line num="71" count="0" type="stmt"/>
        <line num="85" count="0" type="stmt"/>
        <line num="99" count="0" type="stmt"/>
        <line num="167" count="0" type="stmt"/>
        <line num="180" count="0" type="stmt"/>
        <line num="193" count="0" type="stmt"/>
      </file>
      <file name="TooltipPopover.js" path="/Users/fandisujatmiko/Downloads/project/fanforfan/src/IndexSections/TooltipPopover.js">
        <metrics statements="1" coveredstatements="1" conditionals="0" coveredconditionals="0" methods="1" coveredmethods="1"/>
        <line num="33" count="1" type="stmt"/>
      </file>
      <file name="Typography.js" path="/Users/fandisujatmiko/Downloads/project/fanforfan/src/IndexSections/Typography.js">
        <metrics statements="1" coveredstatements="1" conditionals="0" coveredconditionals="0" methods="1" coveredmethods="1"/>
        <line num="30" count="1" type="stmt"/>
      </file>
    </package>
    <package name="src.Navbars">
      <metrics statements="8" coveredstatements="6" conditionals="0" coveredconditionals="0" methods="4" coveredmethods="2"/>
      <file name="DemoNavbar.js" path="/Users/fandisujatmiko/Downloads/project/fanforfan/src/Navbars/DemoNavbar.js">
        <metrics statements="8" coveredstatements="6" conditionals="0" coveredconditionals="0" methods="4" coveredmethods="2"/>
        <line num="47" count="1" type="stmt"/>
        <line num="49" count="1" type="stmt"/>
        <line num="51" count="1" type="stmt"/>
        <line num="56" count="1" type="stmt"/>
        <line num="57" count="0" type="stmt"/>
        <line num="62" count="1" type="stmt"/>
        <line num="63" count="0" type="stmt"/>
        <line num="69" count="1" type="stmt"/>
      </file>
    </package>
  </project>
</coverage>
