{"/Users/fandisujatmiko/Downloads/project/fanforfan/src/App.js": {"path":"/Users/fandisujatmiko/Downloads/project/fanforfan/src/App.js","statementMap":{"0":{"start":{"line":34,"column":4},"end":{"line":38,"column":5}},"1":{"start":{"line":35,"column":6},"end":{"line":35,"column":45}},"2":{"start":{"line":36,"column":6},"end":{"line":36,"column":46}},"3":{"start":{"line":37,"column":6},"end":{"line":37,"column":35}},"4":{"start":{"line":41,"column":4},"end":{"line":80,"column":6}}},"fnMap":{"0":{"name":"(anonymous_0)","decl":{"start":{"line":33,"column":2},"end":{"line":33,"column":3}},"loc":{"start":{"line":33,"column":21},"end":{"line":39,"column":3}},"line":33},"1":{"name":"(anonymous_1)","decl":{"start":{"line":40,"column":2},"end":{"line":40,"column":3}},"loc":{"start":{"line":40,"column":10},"end":{"line":81,"column":3}},"line":40}},"branchMap":{"0":{"loc":{"start":{"line":34,"column":4},"end":{"line":38,"column":5}},"type":"if","locations":[{"start":{"line":34,"column":4},"end":{"line":38,"column":5}},{"start":{"line":34,"column":4},"end":{"line":38,"column":5}}],"line":34}},"s":{"0":1,"1":0,"2":0,"3":0,"4":1},"f":{"0":1,"1":1},"b":{"0":[0,1]},"_coverageSchema":"1a1c01bbd47fc00a2c39e90264f33305004495a9","hash":"a45575ff079da4e2c68678841ecd9b66e8478d7a"}
,"/Users/fandisujatmiko/Downloads/project/fanforfan/src/index.js": {"path":"/Users/fandisujatmiko/Downloads/project/fanforfan/src/index.js","statementMap":{"0":{"start":{"line":15,"column":0},"end":{"line":20,"column":2}},"1":{"start":{"line":25,"column":0},"end":{"line":25,"column":18}}},"fnMap":{},"branchMap":{},"s":{"0":0,"1":0},"f":{},"b":{}}
,"/Users/fandisujatmiko/Downloads/project/fanforfan/src/Footers/CardsFooter.js": {"path":"/Users/fandisujatmiko/Downloads/project/fanforfan/src/Footers/CardsFooter.js","statementMap":{"0":{"start":{"line":40,"column":4},"end":{"line":190,"column":6}}},"fnMap":{"0":{"name":"(anonymous_0)","decl":{"start":{"line":39,"column":2},"end":{"line":39,"column":3}},"loc":{"start":{"line":39,"column":11},"end":{"line":191,"column":3}},"line":39}},"branchMap":{},"s":{"0":1},"f":{"0":1},"b":{},"_coverageSchema":"1a1c01bbd47fc00a2c39e90264f33305004495a9","hash":"2277c6e28c43de952469d7267386d6df310c2dfa"}
,"/Users/fandisujatmiko/Downloads/project/fanforfan/src/Footers/SimpleFooter.js": {"path":"/Users/fandisujatmiko/Downloads/project/fanforfan/src/Footers/SimpleFooter.js","statementMap":{"0":{"start":{"line":34,"column":4},"end":{"line":160,"column":6}}},"fnMap":{"0":{"name":"(anonymous_0)","decl":{"start":{"line":33,"column":2},"end":{"line":33,"column":3}},"loc":{"start":{"line":33,"column":11},"end":{"line":161,"column":3}},"line":33}},"branchMap":{},"s":{"0":0},"f":{"0":0},"b":{}}
,"/Users/fandisujatmiko/Downloads/project/fanforfan/src/IndexSections/Alerts.js": {"path":"/Users/fandisujatmiko/Downloads/project/fanforfan/src/IndexSections/Alerts.js","statementMap":{"0":{"start":{"line":25,"column":4},"end":{"line":63,"column":6}}},"fnMap":{"0":{"name":"(anonymous_0)","decl":{"start":{"line":24,"column":2},"end":{"line":24,"column":3}},"loc":{"start":{"line":24,"column":11},"end":{"line":64,"column":3}},"line":24}},"branchMap":{},"s":{"0":1},"f":{"0":1},"b":{},"_coverageSchema":"1a1c01bbd47fc00a2c39e90264f33305004495a9","hash":"335c20c3566f0c64c0aaa826426cd8cc7e80aad9"}
,"/Users/fandisujatmiko/Downloads/project/fanforfan/src/IndexSections/Buttons.js": {"path":"/Users/fandisujatmiko/Downloads/project/fanforfan/src/IndexSections/Buttons.js","statementMap":{"0":{"start":{"line":25,"column":4},"end":{"line":214,"column":6}},"1":{"start":{"line":165,"column":32},"end":{"line":165,"column":50}},"2":{"start":{"line":173,"column":32},"end":{"line":173,"column":50}},"3":{"start":{"line":181,"column":32},"end":{"line":181,"column":50}},"4":{"start":{"line":189,"column":32},"end":{"line":189,"column":50}},"5":{"start":{"line":197,"column":32},"end":{"line":197,"column":50}},"6":{"start":{"line":205,"column":32},"end":{"line":205,"column":50}}},"fnMap":{"0":{"name":"(anonymous_0)","decl":{"start":{"line":24,"column":2},"end":{"line":24,"column":3}},"loc":{"start":{"line":24,"column":11},"end":{"line":215,"column":3}},"line":24},"1":{"name":"(anonymous_1)","decl":{"start":{"line":165,"column":27},"end":{"line":165,"column":28}},"loc":{"start":{"line":165,"column":32},"end":{"line":165,"column":50}},"line":165},"2":{"name":"(anonymous_2)","decl":{"start":{"line":173,"column":27},"end":{"line":173,"column":28}},"loc":{"start":{"line":173,"column":32},"end":{"line":173,"column":50}},"line":173},"3":{"name":"(anonymous_3)","decl":{"start":{"line":181,"column":27},"end":{"line":181,"column":28}},"loc":{"start":{"line":181,"column":32},"end":{"line":181,"column":50}},"line":181},"4":{"name":"(anonymous_4)","decl":{"start":{"line":189,"column":27},"end":{"line":189,"column":28}},"loc":{"start":{"line":189,"column":32},"end":{"line":189,"column":50}},"line":189},"5":{"name":"(anonymous_5)","decl":{"start":{"line":197,"column":27},"end":{"line":197,"column":28}},"loc":{"start":{"line":197,"column":32},"end":{"line":197,"column":50}},"line":197},"6":{"name":"(anonymous_6)","decl":{"start":{"line":205,"column":27},"end":{"line":205,"column":28}},"loc":{"start":{"line":205,"column":32},"end":{"line":205,"column":50}},"line":205}},"branchMap":{},"s":{"0":1,"1":0,"2":0,"3":0,"4":0,"5":0,"6":0},"f":{"0":1,"1":0,"2":0,"3":0,"4":0,"5":0,"6":0},"b":{},"_coverageSchema":"1a1c01bbd47fc00a2c39e90264f33305004495a9","hash":"1b3396f38ede530576e20473ac4119156039a6ab"}
,"/Users/fandisujatmiko/Downloads/project/fanforfan/src/IndexSections/Carousel.js": {"path":"/Users/fandisujatmiko/Downloads/project/fanforfan/src/IndexSections/Carousel.js","statementMap":{"0":{"start":{"line":26,"column":14},"end":{"line":39,"column":1}},"1":{"start":{"line":43,"column":4},"end":{"line":95,"column":6}}},"fnMap":{"0":{"name":"(anonymous_0)","decl":{"start":{"line":42,"column":2},"end":{"line":42,"column":3}},"loc":{"start":{"line":42,"column":11},"end":{"line":96,"column":3}},"line":42}},"branchMap":{},"s":{"0":1,"1":1},"f":{"0":1},"b":{},"_coverageSchema":"1a1c01bbd47fc00a2c39e90264f33305004495a9","hash":"36a5f810ecfd8205e6e57dc8f3d6d6646887c917"}
,"/Users/fandisujatmiko/Downloads/project/fanforfan/src/IndexSections/CustomControls.js": {"path":"/Users/fandisujatmiko/Downloads/project/fanforfan/src/IndexSections/CustomControls.js","statementMap":{"0":{"start":{"line":25,"column":10},"end":{"line":29,"column":3}},"1":{"start":{"line":32,"column":18},"end":{"line":32,"column":35}},"2":{"start":{"line":33,"column":4},"end":{"line":43,"column":6}},"3":{"start":{"line":41,"column":8},"end":{"line":41,"column":50}},"4":{"start":{"line":46,"column":18},"end":{"line":46,"column":35}},"5":{"start":{"line":47,"column":4},"end":{"line":57,"column":6}},"6":{"start":{"line":55,"column":8},"end":{"line":55,"column":69}},"7":{"start":{"line":60,"column":4},"end":{"line":221,"column":6}}},"fnMap":{"0":{"name":"(anonymous_0)","decl":{"start":{"line":30,"column":2},"end":{"line":30,"column":3}},"loc":{"start":{"line":30,"column":22},"end":{"line":58,"column":3}},"line":30},"1":{"name":"(anonymous_1)","decl":{"start":{"line":40,"column":6},"end":{"line":40,"column":7}},"loc":{"start":{"line":40,"column":31},"end":{"line":42,"column":7}},"line":40},"2":{"name":"(anonymous_2)","decl":{"start":{"line":54,"column":6},"end":{"line":54,"column":7}},"loc":{"start":{"line":54,"column":31},"end":{"line":56,"column":7}},"line":54},"3":{"name":"(anonymous_3)","decl":{"start":{"line":59,"column":2},"end":{"line":59,"column":3}},"loc":{"start":{"line":59,"column":11},"end":{"line":222,"column":3}},"line":59}},"branchMap":{},"s":{"0":1,"1":1,"2":1,"3":1,"4":1,"5":1,"6":2,"7":2},"f":{"0":1,"1":1,"2":2,"3":2},"b":{},"_coverageSchema":"1a1c01bbd47fc00a2c39e90264f33305004495a9","hash":"63b1d38ab8fba15d29944f226052f1c319f5bec1"}
,"/Users/fandisujatmiko/Downloads/project/fanforfan/src/IndexSections/Datepicker.js": {"path":"/Users/fandisujatmiko/Downloads/project/fanforfan/src/IndexSections/Datepicker.js","statementMap":{"0":{"start":{"line":33,"column":10},"end":{"line":33,"column":12}},"1":{"start":{"line":34,"column":30},"end":{"line":58,"column":3}},"2":{"start":{"line":35,"column":4},"end":{"line":57,"column":5}},"3":{"start":{"line":40,"column":6},"end":{"line":43,"column":9}},"4":{"start":{"line":44,"column":11},"end":{"line":57,"column":5}},"5":{"start":{"line":49,"column":6},"end":{"line":52,"column":9}},"6":{"start":{"line":54,"column":6},"end":{"line":56,"column":9}},"7":{"start":{"line":64,"column":34},"end":{"line":86,"column":3}},"8":{"start":{"line":65,"column":4},"end":{"line":66,"column":5}},"9":{"start":{"line":67,"column":4},"end":{"line":84,"column":5}},"10":{"start":{"line":72,"column":6},"end":{"line":77,"column":7}},"11":{"start":{"line":76,"column":8},"end":{"line":76,"column":30}},"12":{"start":{"line":78,"column":6},"end":{"line":80,"column":7}},"13":{"start":{"line":79,"column":8},"end":{"line":79,"column":27}},"14":{"start":{"line":81,"column":6},"end":{"line":83,"column":7}},"15":{"start":{"line":82,"column":8},"end":{"line":82,"column":29}},"16":{"start":{"line":85,"column":4},"end":{"line":85,"column":14}},"17":{"start":{"line":88,"column":4},"end":{"line":188,"column":6}},"18":{"start":{"line":134,"column":24},"end":{"line":134,"column":70}},"19":{"start":{"line":137,"column":38},"end":{"line":137,"column":53}},"20":{"start":{"line":138,"column":24},"end":{"line":140,"column":26}},"21":{"start":{"line":141,"column":24},"end":{"line":145,"column":26}},"22":{"start":{"line":167,"column":24},"end":{"line":167,"column":68}},"23":{"start":{"line":170,"column":38},"end":{"line":170,"column":53}},"24":{"start":{"line":171,"column":24},"end":{"line":173,"column":26}},"25":{"start":{"line":174,"column":24},"end":{"line":178,"column":26}}},"fnMap":{"0":{"name":"(anonymous_0)","decl":{"start":{"line":34,"column":30},"end":{"line":34,"column":31}},"loc":{"start":{"line":34,"column":45},"end":{"line":58,"column":3}},"line":34},"1":{"name":"(anonymous_1)","decl":{"start":{"line":64,"column":34},"end":{"line":64,"column":35}},"loc":{"start":{"line":64,"column":42},"end":{"line":86,"column":3}},"line":64},"2":{"name":"(anonymous_2)","decl":{"start":{"line":87,"column":2},"end":{"line":87,"column":3}},"loc":{"start":{"line":87,"column":11},"end":{"line":189,"column":3}},"line":87},"3":{"name":"(anonymous_3)","decl":{"start":{"line":133,"column":32},"end":{"line":133,"column":33}},"loc":{"start":{"line":134,"column":24},"end":{"line":134,"column":70}},"line":134},"4":{"name":"(anonymous_4)","decl":{"start":{"line":136,"column":33},"end":{"line":136,"column":34}},"loc":{"start":{"line":136,"column":71},"end":{"line":146,"column":23}},"line":136},"5":{"name":"(anonymous_5)","decl":{"start":{"line":166,"column":32},"end":{"line":166,"column":33}},"loc":{"start":{"line":167,"column":24},"end":{"line":167,"column":68}},"line":167},"6":{"name":"(anonymous_6)","decl":{"start":{"line":169,"column":33},"end":{"line":169,"column":34}},"loc":{"start":{"line":169,"column":71},"end":{"line":179,"column":23}},"line":169}},"branchMap":{"0":{"loc":{"start":{"line":35,"column":4},"end":{"line":57,"column":5}},"type":"if","locations":[{"start":{"line":35,"column":4},"end":{"line":57,"column":5}},{"start":{"line":35,"column":4},"end":{"line":57,"column":5}}],"line":35},"1":{"loc":{"start":{"line":36,"column":6},"end":{"line":38,"column":69}},"type":"binary-expr","locations":[{"start":{"line":36,"column":6},"end":{"line":36,"column":26}},{"start":{"line":37,"column":6},"end":{"line":37,"column":23}},{"start":{"line":38,"column":6},"end":{"line":38,"column":69}}],"line":36},"2":{"loc":{"start":{"line":44,"column":11},"end":{"line":57,"column":5}},"type":"if","locations":[{"start":{"line":44,"column":11},"end":{"line":57,"column":5}},{"start":{"line":44,"column":11},"end":{"line":57,"column":5}}],"line":44},"3":{"loc":{"start":{"line":45,"column":6},"end":{"line":47,"column":67}},"type":"binary-expr","locations":[{"start":{"line":45,"column":6},"end":{"line":45,"column":24}},{"start":{"line":46,"column":6},"end":{"line":46,"column":25}},{"start":{"line":47,"column":6},"end":{"line":47,"column":67}}],"line":45},"4":{"loc":{"start":{"line":65,"column":4},"end":{"line":66,"column":5}},"type":"if","locations":[{"start":{"line":65,"column":4},"end":{"line":66,"column":5}},{"start":{"line":65,"column":4},"end":{"line":66,"column":5}}],"line":65},"5":{"loc":{"start":{"line":65,"column":8},"end":{"line":65,"column":50}},"type":"binary-expr","locations":[{"start":{"line":65,"column":8},"end":{"line":65,"column":28}},{"start":{"line":65,"column":32},"end":{"line":65,"column":50}}],"line":65},"6":{"loc":{"start":{"line":67,"column":4},"end":{"line":84,"column":5}},"type":"if","locations":[{"start":{"line":67,"column":4},"end":{"line":84,"column":5}},{"start":{"line":67,"column":4},"end":{"line":84,"column":5}}],"line":67},"7":{"loc":{"start":{"line":68,"column":6},"end":{"line":70,"column":65}},"type":"binary-expr","locations":[{"start":{"line":68,"column":6},"end":{"line":68,"column":26}},{"start":{"line":69,"column":6},"end":{"line":69,"column":24}},{"start":{"line":70,"column":6},"end":{"line":70,"column":65}}],"line":68},"8":{"loc":{"start":{"line":72,"column":6},"end":{"line":77,"column":7}},"type":"if","locations":[{"start":{"line":72,"column":6},"end":{"line":77,"column":7}},{"start":{"line":72,"column":6},"end":{"line":77,"column":7}}],"line":72},"9":{"loc":{"start":{"line":73,"column":8},"end":{"line":74,"column":71}},"type":"binary-expr","locations":[{"start":{"line":73,"column":8},"end":{"line":73,"column":69}},{"start":{"line":74,"column":8},"end":{"line":74,"column":71}}],"line":73},"10":{"loc":{"start":{"line":78,"column":6},"end":{"line":80,"column":7}},"type":"if","locations":[{"start":{"line":78,"column":6},"end":{"line":80,"column":7}},{"start":{"line":78,"column":6},"end":{"line":80,"column":7}}],"line":78},"11":{"loc":{"start":{"line":81,"column":6},"end":{"line":83,"column":7}},"type":"if","locations":[{"start":{"line":81,"column":6},"end":{"line":83,"column":7}},{"start":{"line":81,"column":6},"end":{"line":83,"column":7}}],"line":81}},"s":{"0":1,"1":1,"2":0,"3":0,"4":0,"5":0,"6":0,"7":1,"8":84,"9":84,"10":0,"11":0,"12":0,"13":0,"14":0,"15":0,"16":84,"17":1,"18":0,"19":42,"20":42,"21":42,"22":0,"23":42,"24":42,"25":42},"f":{"0":0,"1":84,"2":1,"3":0,"4":42,"5":0,"6":42},"b":{"0":[0,0],"1":[0,0,0],"2":[0,0],"3":[0,0,0],"4":[0,84],"5":[84,0],"6":[0,84],"7":[84,0,0],"8":[0,0],"9":[0,0],"10":[0,0],"11":[0,0]},"_coverageSchema":"1a1c01bbd47fc00a2c39e90264f33305004495a9","hash":"cec032aa13852d18b5ba2868445f39f3e81bc103"}
,"/Users/fandisujatmiko/Downloads/project/fanforfan/src/IndexSections/Download.js": {"path":"/Users/fandisujatmiko/Downloads/project/fanforfan/src/IndexSections/Download.js","statementMap":{"0":{"start":{"line":26,"column":4},"end":{"line":163,"column":6}}},"fnMap":{"0":{"name":"(anonymous_0)","decl":{"start":{"line":25,"column":2},"end":{"line":25,"column":3}},"loc":{"start":{"line":25,"column":11},"end":{"line":164,"column":3}},"line":25}},"branchMap":{},"s":{"0":1},"f":{"0":1},"b":{},"_coverageSchema":"1a1c01bbd47fc00a2c39e90264f33305004495a9","hash":"d50c88ba76c08f8e83d676d969437b205767b71d"}
,"/Users/fandisujatmiko/Downloads/project/fanforfan/src/IndexSections/Hero.js": {"path":"/Users/fandisujatmiko/Downloads/project/fanforfan/src/IndexSections/Hero.js","statementMap":{"0":{"start":{"line":27,"column":4},"end":{"line":121,"column":6}}},"fnMap":{"0":{"name":"(anonymous_0)","decl":{"start":{"line":26,"column":2},"end":{"line":26,"column":3}},"loc":{"start":{"line":26,"column":11},"end":{"line":122,"column":3}},"line":26}},"branchMap":{},"s":{"0":1},"f":{"0":1},"b":{},"_coverageSchema":"1a1c01bbd47fc00a2c39e90264f33305004495a9","hash":"1c0b97d131a13b2ddeff004e35147823922cba72"}
,"/Users/fandisujatmiko/Downloads/project/fanforfan/src/IndexSections/Icons.js": {"path":"/Users/fandisujatmiko/Downloads/project/fanforfan/src/IndexSections/Icons.js","statementMap":{"0":{"start":{"line":25,"column":4},"end":{"line":81,"column":6}}},"fnMap":{"0":{"name":"(anonymous_0)","decl":{"start":{"line":24,"column":2},"end":{"line":24,"column":3}},"loc":{"start":{"line":24,"column":11},"end":{"line":82,"column":3}},"line":24}},"branchMap":{},"s":{"0":1},"f":{"0":1},"b":{},"_coverageSchema":"1a1c01bbd47fc00a2c39e90264f33305004495a9","hash":"667a478239f1f4c7b182a89114000986d371d568"}
,"/Users/fandisujatmiko/Downloads/project/fanforfan/src/IndexSections/Inputs.js": {"path":"/Users/fandisujatmiko/Downloads/project/fanforfan/src/IndexSections/Inputs.js","statementMap":{"0":{"start":{"line":34,"column":10},"end":{"line":34,"column":12}},"1":{"start":{"line":36,"column":4},"end":{"line":205,"column":6}},"2":{"start":{"line":66,"column":36},"end":{"line":66,"column":74}},"3":{"start":{"line":67,"column":35},"end":{"line":67,"column":74}},"4":{"start":{"line":85,"column":36},"end":{"line":85,"column":76}},"5":{"start":{"line":86,"column":35},"end":{"line":86,"column":76}},"6":{"start":{"line":145,"column":38},"end":{"line":145,"column":79}},"7":{"start":{"line":146,"column":37},"end":{"line":146,"column":79}},"8":{"start":{"line":170,"column":26},"end":{"line":170,"column":69}},"9":{"start":{"line":173,"column":26},"end":{"line":173,"column":70}}},"fnMap":{"0":{"name":"(anonymous_0)","decl":{"start":{"line":35,"column":2},"end":{"line":35,"column":3}},"loc":{"start":{"line":35,"column":11},"end":{"line":206,"column":3}},"line":35},"1":{"name":"(anonymous_1)","decl":{"start":{"line":66,"column":31},"end":{"line":66,"column":32}},"loc":{"start":{"line":66,"column":36},"end":{"line":66,"column":74}},"line":66},"2":{"name":"(anonymous_2)","decl":{"start":{"line":67,"column":30},"end":{"line":67,"column":31}},"loc":{"start":{"line":67,"column":35},"end":{"line":67,"column":74}},"line":67},"3":{"name":"(anonymous_3)","decl":{"start":{"line":85,"column":31},"end":{"line":85,"column":32}},"loc":{"start":{"line":85,"column":36},"end":{"line":85,"column":76}},"line":85},"4":{"name":"(anonymous_4)","decl":{"start":{"line":86,"column":30},"end":{"line":86,"column":31}},"loc":{"start":{"line":86,"column":35},"end":{"line":86,"column":76}},"line":86},"5":{"name":"(anonymous_5)","decl":{"start":{"line":145,"column":33},"end":{"line":145,"column":34}},"loc":{"start":{"line":145,"column":38},"end":{"line":145,"column":79}},"line":145},"6":{"name":"(anonymous_6)","decl":{"start":{"line":146,"column":32},"end":{"line":146,"column":33}},"loc":{"start":{"line":146,"column":37},"end":{"line":146,"column":79}},"line":146},"7":{"name":"(anonymous_7)","decl":{"start":{"line":169,"column":33},"end":{"line":169,"column":34}},"loc":{"start":{"line":170,"column":26},"end":{"line":170,"column":69}},"line":170},"8":{"name":"(anonymous_8)","decl":{"start":{"line":172,"column":32},"end":{"line":172,"column":33}},"loc":{"start":{"line":173,"column":26},"end":{"line":173,"column":70}},"line":173}},"branchMap":{},"s":{"0":1,"1":1,"2":0,"3":0,"4":0,"5":0,"6":0,"7":0,"8":0,"9":0},"f":{"0":1,"1":0,"2":0,"3":0,"4":0,"5":0,"6":0,"7":0,"8":0},"b":{},"_coverageSchema":"1a1c01bbd47fc00a2c39e90264f33305004495a9","hash":"75e37fd3216ec7745817cf8f9d121b34c779ac3c"}
,"/Users/fandisujatmiko/Downloads/project/fanforfan/src/IndexSections/Labels.js": {"path":"/Users/fandisujatmiko/Downloads/project/fanforfan/src/IndexSections/Labels.js","statementMap":{"0":{"start":{"line":25,"column":4},"end":{"line":46,"column":6}}},"fnMap":{"0":{"name":"(anonymous_0)","decl":{"start":{"line":24,"column":2},"end":{"line":24,"column":3}},"loc":{"start":{"line":24,"column":11},"end":{"line":47,"column":3}},"line":24}},"branchMap":{},"s":{"0":1},"f":{"0":1},"b":{},"_coverageSchema":"1a1c01bbd47fc00a2c39e90264f33305004495a9","hash":"30ada0c389b6820671ae7ff86a767190e9abc789"}
,"/Users/fandisujatmiko/Downloads/project/fanforfan/src/IndexSections/Login.js": {"path":"/Users/fandisujatmiko/Downloads/project/fanforfan/src/IndexSections/Login.js","statementMap":{"0":{"start":{"line":44,"column":10},"end":{"line":44,"column":12}},"1":{"start":{"line":46,"column":4},"end":{"line":221,"column":6}},"2":{"start":{"line":99,"column":40},"end":{"line":99,"column":58}},"3":{"start":{"line":113,"column":40},"end":{"line":113,"column":58}},"4":{"start":{"line":145,"column":32},"end":{"line":145,"column":69}},"5":{"start":{"line":148,"column":32},"end":{"line":148,"column":70}},"6":{"start":{"line":169,"column":32},"end":{"line":169,"column":72}},"7":{"start":{"line":172,"column":32},"end":{"line":172,"column":73}}},"fnMap":{"0":{"name":"(anonymous_0)","decl":{"start":{"line":45,"column":2},"end":{"line":45,"column":3}},"loc":{"start":{"line":45,"column":11},"end":{"line":222,"column":3}},"line":45},"1":{"name":"(anonymous_1)","decl":{"start":{"line":99,"column":35},"end":{"line":99,"column":36}},"loc":{"start":{"line":99,"column":40},"end":{"line":99,"column":58}},"line":99},"2":{"name":"(anonymous_2)","decl":{"start":{"line":113,"column":35},"end":{"line":113,"column":36}},"loc":{"start":{"line":113,"column":40},"end":{"line":113,"column":58}},"line":113},"3":{"name":"(anonymous_3)","decl":{"start":{"line":144,"column":39},"end":{"line":144,"column":40}},"loc":{"start":{"line":145,"column":32},"end":{"line":145,"column":69}},"line":145},"4":{"name":"(anonymous_4)","decl":{"start":{"line":147,"column":38},"end":{"line":147,"column":39}},"loc":{"start":{"line":148,"column":32},"end":{"line":148,"column":70}},"line":148},"5":{"name":"(anonymous_5)","decl":{"start":{"line":168,"column":39},"end":{"line":168,"column":40}},"loc":{"start":{"line":169,"column":32},"end":{"line":169,"column":72}},"line":169},"6":{"name":"(anonymous_6)","decl":{"start":{"line":171,"column":38},"end":{"line":171,"column":39}},"loc":{"start":{"line":172,"column":32},"end":{"line":172,"column":73}},"line":172}},"branchMap":{},"s":{"0":1,"1":1,"2":0,"3":0,"4":0,"5":0,"6":0,"7":0},"f":{"0":1,"1":0,"2":0,"3":0,"4":0,"5":0,"6":0},"b":{},"_coverageSchema":"1a1c01bbd47fc00a2c39e90264f33305004495a9","hash":"05aeac67d5b1768960e5f029fb03f3358c683431"}
,"/Users/fandisujatmiko/Downloads/project/fanforfan/src/IndexSections/Menus.js": {"path":"/Users/fandisujatmiko/Downloads/project/fanforfan/src/IndexSections/Menus.js","statementMap":{"0":{"start":{"line":42,"column":4},"end":{"line":243,"column":6}},"1":{"start":{"line":59,"column":36},"end":{"line":59,"column":54}},"2":{"start":{"line":93,"column":42},"end":{"line":93,"column":60}},"3":{"start":{"line":101,"column":42},"end":{"line":101,"column":60}},"4":{"start":{"line":114,"column":44},"end":{"line":114,"column":62}},"5":{"start":{"line":120,"column":44},"end":{"line":120,"column":62}},"6":{"start":{"line":127,"column":44},"end":{"line":127,"column":62}},"7":{"start":{"line":148,"column":36},"end":{"line":148,"column":54}},"8":{"start":{"line":182,"column":42},"end":{"line":182,"column":60}},"9":{"start":{"line":194,"column":42},"end":{"line":194,"column":60}},"10":{"start":{"line":215,"column":44},"end":{"line":215,"column":62}},"11":{"start":{"line":221,"column":44},"end":{"line":221,"column":62}},"12":{"start":{"line":228,"column":44},"end":{"line":228,"column":62}}},"fnMap":{"0":{"name":"(anonymous_0)","decl":{"start":{"line":41,"column":2},"end":{"line":41,"column":3}},"loc":{"start":{"line":41,"column":11},"end":{"line":244,"column":3}},"line":41},"1":{"name":"(anonymous_1)","decl":{"start":{"line":59,"column":31},"end":{"line":59,"column":32}},"loc":{"start":{"line":59,"column":36},"end":{"line":59,"column":54}},"line":59},"2":{"name":"(anonymous_2)","decl":{"start":{"line":93,"column":37},"end":{"line":93,"column":38}},"loc":{"start":{"line":93,"column":42},"end":{"line":93,"column":60}},"line":93},"3":{"name":"(anonymous_3)","decl":{"start":{"line":101,"column":37},"end":{"line":101,"column":38}},"loc":{"start":{"line":101,"column":42},"end":{"line":101,"column":60}},"line":101},"4":{"name":"(anonymous_4)","decl":{"start":{"line":114,"column":39},"end":{"line":114,"column":40}},"loc":{"start":{"line":114,"column":44},"end":{"line":114,"column":62}},"line":114},"5":{"name":"(anonymous_5)","decl":{"start":{"line":120,"column":39},"end":{"line":120,"column":40}},"loc":{"start":{"line":120,"column":44},"end":{"line":120,"column":62}},"line":120},"6":{"name":"(anonymous_6)","decl":{"start":{"line":127,"column":39},"end":{"line":127,"column":40}},"loc":{"start":{"line":127,"column":44},"end":{"line":127,"column":62}},"line":127},"7":{"name":"(anonymous_7)","decl":{"start":{"line":148,"column":31},"end":{"line":148,"column":32}},"loc":{"start":{"line":148,"column":36},"end":{"line":148,"column":54}},"line":148},"8":{"name":"(anonymous_8)","decl":{"start":{"line":182,"column":37},"end":{"line":182,"column":38}},"loc":{"start":{"line":182,"column":42},"end":{"line":182,"column":60}},"line":182},"9":{"name":"(anonymous_9)","decl":{"start":{"line":194,"column":37},"end":{"line":194,"column":38}},"loc":{"start":{"line":194,"column":42},"end":{"line":194,"column":60}},"line":194},"10":{"name":"(anonymous_10)","decl":{"start":{"line":215,"column":39},"end":{"line":215,"column":40}},"loc":{"start":{"line":215,"column":44},"end":{"line":215,"column":62}},"line":215},"11":{"name":"(anonymous_11)","decl":{"start":{"line":221,"column":39},"end":{"line":221,"column":40}},"loc":{"start":{"line":221,"column":44},"end":{"line":221,"column":62}},"line":221},"12":{"name":"(anonymous_12)","decl":{"start":{"line":228,"column":39},"end":{"line":228,"column":40}},"loc":{"start":{"line":228,"column":44},"end":{"line":228,"column":62}},"line":228}},"branchMap":{},"s":{"0":1,"1":0,"2":0,"3":0,"4":0,"5":0,"6":0,"7":0,"8":0,"9":0,"10":0,"11":0,"12":0},"f":{"0":1,"1":0,"2":0,"3":0,"4":0,"5":0,"6":0,"7":0,"8":0,"9":0,"10":0,"11":0,"12":0},"b":{},"_coverageSchema":"1a1c01bbd47fc00a2c39e90264f33305004495a9","hash":"8644be7a51680d2b680182ccb738b151786a1a29"}
,"/Users/fandisujatmiko/Downloads/project/fanforfan/src/IndexSections/Modals.js": {"path":"/Users/fandisujatmiko/Downloads/project/fanforfan/src/IndexSections/Modals.js","statementMap":{"0":{"start":{"line":42,"column":10},"end":{"line":42,"column":12}},"1":{"start":{"line":43,"column":16},"end":{"line":47,"column":3}},"2":{"start":{"line":44,"column":4},"end":{"line":46,"column":7}},"3":{"start":{"line":49,"column":4},"end":{"line":296,"column":6}},"4":{"start":{"line":62,"column":29},"end":{"line":62,"column":61}},"5":{"start":{"line":69,"column":28},"end":{"line":69,"column":60}},"6":{"start":{"line":80,"column":33},"end":{"line":80,"column":65}},"7":{"start":{"line":107,"column":33},"end":{"line":107,"column":65}},"8":{"start":{"line":120,"column":29},"end":{"line":120,"column":66}},"9":{"start":{"line":128,"column":28},"end":{"line":128,"column":65}},"10":{"start":{"line":139,"column":33},"end":{"line":139,"column":70}},"11":{"start":{"line":163,"column":33},"end":{"line":163,"column":70}},"12":{"start":{"line":175,"column":29},"end":{"line":175,"column":58}},"13":{"start":{"line":183,"column":28},"end":{"line":183,"column":57}},"14":{"start":{"line":196,"column":38},"end":{"line":196,"column":56}},"15":{"start":{"line":210,"column":38},"end":{"line":210,"column":56}},"16":{"start":{"line":241,"column":42},"end":{"line":241,"column":79}},"17":{"start":{"line":242,"column":41},"end":{"line":242,"column":79}},"18":{"start":{"line":262,"column":30},"end":{"line":262,"column":70}},"19":{"start":{"line":265,"column":30},"end":{"line":265,"column":71}}},"fnMap":{"0":{"name":"(anonymous_0)","decl":{"start":{"line":43,"column":16},"end":{"line":43,"column":17}},"loc":{"start":{"line":43,"column":25},"end":{"line":47,"column":3}},"line":43},"1":{"name":"(anonymous_1)","decl":{"start":{"line":48,"column":2},"end":{"line":48,"column":3}},"loc":{"start":{"line":48,"column":11},"end":{"line":297,"column":3}},"line":48},"2":{"name":"(anonymous_2)","decl":{"start":{"line":62,"column":23},"end":{"line":62,"column":24}},"loc":{"start":{"line":62,"column":29},"end":{"line":62,"column":61}},"line":62},"3":{"name":"(anonymous_3)","decl":{"start":{"line":69,"column":22},"end":{"line":69,"column":23}},"loc":{"start":{"line":69,"column":28},"end":{"line":69,"column":60}},"line":69},"4":{"name":"(anonymous_4)","decl":{"start":{"line":80,"column":27},"end":{"line":80,"column":28}},"loc":{"start":{"line":80,"column":33},"end":{"line":80,"column":65}},"line":80},"5":{"name":"(anonymous_5)","decl":{"start":{"line":107,"column":27},"end":{"line":107,"column":28}},"loc":{"start":{"line":107,"column":33},"end":{"line":107,"column":65}},"line":107},"6":{"name":"(anonymous_6)","decl":{"start":{"line":120,"column":23},"end":{"line":120,"column":24}},"loc":{"start":{"line":120,"column":29},"end":{"line":120,"column":66}},"line":120},"7":{"name":"(anonymous_7)","decl":{"start":{"line":128,"column":22},"end":{"line":128,"column":23}},"loc":{"start":{"line":128,"column":28},"end":{"line":128,"column":65}},"line":128},"8":{"name":"(anonymous_8)","decl":{"start":{"line":139,"column":27},"end":{"line":139,"column":28}},"loc":{"start":{"line":139,"column":33},"end":{"line":139,"column":70}},"line":139},"9":{"name":"(anonymous_9)","decl":{"start":{"line":163,"column":27},"end":{"line":163,"column":28}},"loc":{"start":{"line":163,"column":33},"end":{"line":163,"column":70}},"line":163},"10":{"name":"(anonymous_10)","decl":{"start":{"line":175,"column":23},"end":{"line":175,"column":24}},"loc":{"start":{"line":175,"column":29},"end":{"line":175,"column":58}},"line":175},"11":{"name":"(anonymous_11)","decl":{"start":{"line":183,"column":22},"end":{"line":183,"column":23}},"loc":{"start":{"line":183,"column":28},"end":{"line":183,"column":57}},"line":183},"12":{"name":"(anonymous_12)","decl":{"start":{"line":196,"column":33},"end":{"line":196,"column":34}},"loc":{"start":{"line":196,"column":38},"end":{"line":196,"column":56}},"line":196},"13":{"name":"(anonymous_13)","decl":{"start":{"line":210,"column":33},"end":{"line":210,"column":34}},"loc":{"start":{"line":210,"column":38},"end":{"line":210,"column":56}},"line":210},"14":{"name":"(anonymous_14)","decl":{"start":{"line":241,"column":37},"end":{"line":241,"column":38}},"loc":{"start":{"line":241,"column":42},"end":{"line":241,"column":79}},"line":241},"15":{"name":"(anonymous_15)","decl":{"start":{"line":242,"column":36},"end":{"line":242,"column":37}},"loc":{"start":{"line":242,"column":41},"end":{"line":242,"column":79}},"line":242},"16":{"name":"(anonymous_16)","decl":{"start":{"line":261,"column":37},"end":{"line":261,"column":38}},"loc":{"start":{"line":262,"column":30},"end":{"line":262,"column":70}},"line":262},"17":{"name":"(anonymous_17)","decl":{"start":{"line":264,"column":36},"end":{"line":264,"column":37}},"loc":{"start":{"line":265,"column":30},"end":{"line":265,"column":71}},"line":265}},"branchMap":{},"s":{"0":1,"1":1,"2":0,"3":1,"4":0,"5":0,"6":0,"7":0,"8":0,"9":0,"10":0,"11":0,"12":0,"13":0,"14":0,"15":0,"16":0,"17":0,"18":0,"19":0},"f":{"0":0,"1":1,"2":0,"3":0,"4":0,"5":0,"6":0,"7":0,"8":0,"9":0,"10":0,"11":0,"12":0,"13":0,"14":0,"15":0,"16":0,"17":0},"b":{},"_coverageSchema":"1a1c01bbd47fc00a2c39e90264f33305004495a9","hash":"5bbb8220d457c2979d62c4d56333d10c64bd9d03"}
,"/Users/fandisujatmiko/Downloads/project/fanforfan/src/IndexSections/Navbars.js": {"path":"/Users/fandisujatmiko/Downloads/project/fanforfan/src/IndexSections/Navbars.js","statementMap":{"0":{"start":{"line":42,"column":4},"end":{"line":514,"column":6}},"1":{"start":{"line":54,"column":55},"end":{"line":54,"column":73}},"2":{"start":{"line":84,"column":36},"end":{"line":84,"column":54}},"3":{"start":{"line":96,"column":36},"end":{"line":96,"column":54}},"4":{"start":{"line":117,"column":38},"end":{"line":117,"column":56}},"5":{"start":{"line":123,"column":38},"end":{"line":123,"column":56}},"6":{"start":{"line":130,"column":38},"end":{"line":130,"column":56}},"7":{"start":{"line":143,"column":55},"end":{"line":143,"column":73}},"8":{"start":{"line":170,"column":57},"end":{"line":170,"column":75}},"9":{"start":{"line":175,"column":57},"end":{"line":175,"column":75}},"10":{"start":{"line":187,"column":38},"end":{"line":187,"column":56}},"11":{"start":{"line":193,"column":38},"end":{"line":193,"column":56}},"12":{"start":{"line":200,"column":38},"end":{"line":200,"column":56}},"13":{"start":{"line":213,"column":55},"end":{"line":213,"column":73}},"14":{"start":{"line":243,"column":36},"end":{"line":243,"column":54}},"15":{"start":{"line":255,"column":36},"end":{"line":255,"column":54}},"16":{"start":{"line":276,"column":38},"end":{"line":276,"column":56}},"17":{"start":{"line":282,"column":38},"end":{"line":282,"column":56}},"18":{"start":{"line":289,"column":38},"end":{"line":289,"column":56}},"19":{"start":{"line":302,"column":55},"end":{"line":302,"column":73}},"20":{"start":{"line":332,"column":36},"end":{"line":332,"column":54}},"21":{"start":{"line":344,"column":36},"end":{"line":344,"column":54}},"22":{"start":{"line":356,"column":36},"end":{"line":356,"column":54}},"23":{"start":{"line":368,"column":36},"end":{"line":368,"column":54}},"24":{"start":{"line":383,"column":55},"end":{"line":383,"column":73}},"25":{"start":{"line":413,"column":36},"end":{"line":413,"column":54}},"26":{"start":{"line":425,"column":36},"end":{"line":425,"column":54}},"27":{"start":{"line":437,"column":36},"end":{"line":437,"column":54}},"28":{"start":{"line":452,"column":55},"end":{"line":452,"column":73}},"29":{"start":{"line":482,"column":36},"end":{"line":482,"column":54}},"30":{"start":{"line":492,"column":36},"end":{"line":492,"column":54}},"31":{"start":{"line":502,"column":36},"end":{"line":502,"column":54}}},"fnMap":{"0":{"name":"(anonymous_0)","decl":{"start":{"line":41,"column":2},"end":{"line":41,"column":3}},"loc":{"start":{"line":41,"column":11},"end":{"line":515,"column":3}},"line":41},"1":{"name":"(anonymous_1)","decl":{"start":{"line":54,"column":50},"end":{"line":54,"column":51}},"loc":{"start":{"line":54,"column":55},"end":{"line":54,"column":73}},"line":54},"2":{"name":"(anonymous_2)","decl":{"start":{"line":84,"column":31},"end":{"line":84,"column":32}},"loc":{"start":{"line":84,"column":36},"end":{"line":84,"column":54}},"line":84},"3":{"name":"(anonymous_3)","decl":{"start":{"line":96,"column":31},"end":{"line":96,"column":32}},"loc":{"start":{"line":96,"column":36},"end":{"line":96,"column":54}},"line":96},"4":{"name":"(anonymous_4)","decl":{"start":{"line":117,"column":33},"end":{"line":117,"column":34}},"loc":{"start":{"line":117,"column":38},"end":{"line":117,"column":56}},"line":117},"5":{"name":"(anonymous_5)","decl":{"start":{"line":123,"column":33},"end":{"line":123,"column":34}},"loc":{"start":{"line":123,"column":38},"end":{"line":123,"column":56}},"line":123},"6":{"name":"(anonymous_6)","decl":{"start":{"line":130,"column":33},"end":{"line":130,"column":34}},"loc":{"start":{"line":130,"column":38},"end":{"line":130,"column":56}},"line":130},"7":{"name":"(anonymous_7)","decl":{"start":{"line":143,"column":50},"end":{"line":143,"column":51}},"loc":{"start":{"line":143,"column":55},"end":{"line":143,"column":73}},"line":143},"8":{"name":"(anonymous_8)","decl":{"start":{"line":170,"column":52},"end":{"line":170,"column":53}},"loc":{"start":{"line":170,"column":57},"end":{"line":170,"column":75}},"line":170},"9":{"name":"(anonymous_9)","decl":{"start":{"line":175,"column":52},"end":{"line":175,"column":53}},"loc":{"start":{"line":175,"column":57},"end":{"line":175,"column":75}},"line":175},"10":{"name":"(anonymous_10)","decl":{"start":{"line":187,"column":33},"end":{"line":187,"column":34}},"loc":{"start":{"line":187,"column":38},"end":{"line":187,"column":56}},"line":187},"11":{"name":"(anonymous_11)","decl":{"start":{"line":193,"column":33},"end":{"line":193,"column":34}},"loc":{"start":{"line":193,"column":38},"end":{"line":193,"column":56}},"line":193},"12":{"name":"(anonymous_12)","decl":{"start":{"line":200,"column":33},"end":{"line":200,"column":34}},"loc":{"start":{"line":200,"column":38},"end":{"line":200,"column":56}},"line":200},"13":{"name":"(anonymous_13)","decl":{"start":{"line":213,"column":50},"end":{"line":213,"column":51}},"loc":{"start":{"line":213,"column":55},"end":{"line":213,"column":73}},"line":213},"14":{"name":"(anonymous_14)","decl":{"start":{"line":243,"column":31},"end":{"line":243,"column":32}},"loc":{"start":{"line":243,"column":36},"end":{"line":243,"column":54}},"line":243},"15":{"name":"(anonymous_15)","decl":{"start":{"line":255,"column":31},"end":{"line":255,"column":32}},"loc":{"start":{"line":255,"column":36},"end":{"line":255,"column":54}},"line":255},"16":{"name":"(anonymous_16)","decl":{"start":{"line":276,"column":33},"end":{"line":276,"column":34}},"loc":{"start":{"line":276,"column":38},"end":{"line":276,"column":56}},"line":276},"17":{"name":"(anonymous_17)","decl":{"start":{"line":282,"column":33},"end":{"line":282,"column":34}},"loc":{"start":{"line":282,"column":38},"end":{"line":282,"column":56}},"line":282},"18":{"name":"(anonymous_18)","decl":{"start":{"line":289,"column":33},"end":{"line":289,"column":34}},"loc":{"start":{"line":289,"column":38},"end":{"line":289,"column":56}},"line":289},"19":{"name":"(anonymous_19)","decl":{"start":{"line":302,"column":50},"end":{"line":302,"column":51}},"loc":{"start":{"line":302,"column":55},"end":{"line":302,"column":73}},"line":302},"20":{"name":"(anonymous_20)","decl":{"start":{"line":332,"column":31},"end":{"line":332,"column":32}},"loc":{"start":{"line":332,"column":36},"end":{"line":332,"column":54}},"line":332},"21":{"name":"(anonymous_21)","decl":{"start":{"line":344,"column":31},"end":{"line":344,"column":32}},"loc":{"start":{"line":344,"column":36},"end":{"line":344,"column":54}},"line":344},"22":{"name":"(anonymous_22)","decl":{"start":{"line":356,"column":31},"end":{"line":356,"column":32}},"loc":{"start":{"line":356,"column":36},"end":{"line":356,"column":54}},"line":356},"23":{"name":"(anonymous_23)","decl":{"start":{"line":368,"column":31},"end":{"line":368,"column":32}},"loc":{"start":{"line":368,"column":36},"end":{"line":368,"column":54}},"line":368},"24":{"name":"(anonymous_24)","decl":{"start":{"line":383,"column":50},"end":{"line":383,"column":51}},"loc":{"start":{"line":383,"column":55},"end":{"line":383,"column":73}},"line":383},"25":{"name":"(anonymous_25)","decl":{"start":{"line":413,"column":31},"end":{"line":413,"column":32}},"loc":{"start":{"line":413,"column":36},"end":{"line":413,"column":54}},"line":413},"26":{"name":"(anonymous_26)","decl":{"start":{"line":425,"column":31},"end":{"line":425,"column":32}},"loc":{"start":{"line":425,"column":36},"end":{"line":425,"column":54}},"line":425},"27":{"name":"(anonymous_27)","decl":{"start":{"line":437,"column":31},"end":{"line":437,"column":32}},"loc":{"start":{"line":437,"column":36},"end":{"line":437,"column":54}},"line":437},"28":{"name":"(anonymous_28)","decl":{"start":{"line":452,"column":50},"end":{"line":452,"column":51}},"loc":{"start":{"line":452,"column":55},"end":{"line":452,"column":73}},"line":452},"29":{"name":"(anonymous_29)","decl":{"start":{"line":482,"column":31},"end":{"line":482,"column":32}},"loc":{"start":{"line":482,"column":36},"end":{"line":482,"column":54}},"line":482},"30":{"name":"(anonymous_30)","decl":{"start":{"line":492,"column":31},"end":{"line":492,"column":32}},"loc":{"start":{"line":492,"column":36},"end":{"line":492,"column":54}},"line":492},"31":{"name":"(anonymous_31)","decl":{"start":{"line":502,"column":31},"end":{"line":502,"column":32}},"loc":{"start":{"line":502,"column":36},"end":{"line":502,"column":54}},"line":502}},"branchMap":{},"s":{"0":1,"1":0,"2":0,"3":0,"4":0,"5":0,"6":0,"7":0,"8":0,"9":0,"10":0,"11":0,"12":0,"13":0,"14":0,"15":0,"16":0,"17":0,"18":0,"19":0,"20":0,"21":0,"22":0,"23":0,"24":0,"25":0,"26":0,"27":0,"28":0,"29":0,"30":0,"31":0},"f":{"0":1,"1":0,"2":0,"3":0,"4":0,"5":0,"6":0,"7":0,"8":0,"9":0,"10":0,"11":0,"12":0,"13":0,"14":0,"15":0,"16":0,"17":0,"18":0,"19":0,"20":0,"21":0,"22":0,"23":0,"24":0,"25":0,"26":0,"27":0,"28":0,"29":0,"30":0,"31":0},"b":{},"_coverageSchema":"1a1c01bbd47fc00a2c39e90264f33305004495a9","hash":"f7227f86dd48384f2c3c5146ddc3f5570c2ce64d"}
,"/Users/fandisujatmiko/Downloads/project/fanforfan/src/IndexSections/Pagination.js": {"path":"/Users/fandisujatmiko/Downloads/project/fanforfan/src/IndexSections/Pagination.js","statementMap":{"0":{"start":{"line":25,"column":4},"end":{"line":99,"column":6}},"1":{"start":{"line":32,"column":60},"end":{"line":32,"column":78}},"2":{"start":{"line":37,"column":60},"end":{"line":37,"column":78}},"3":{"start":{"line":42,"column":60},"end":{"line":42,"column":78}},"4":{"start":{"line":47,"column":60},"end":{"line":47,"column":78}},"5":{"start":{"line":52,"column":60},"end":{"line":52,"column":78}},"6":{"start":{"line":61,"column":60},"end":{"line":61,"column":78}},"7":{"start":{"line":66,"column":60},"end":{"line":66,"column":78}},"8":{"start":{"line":71,"column":60},"end":{"line":71,"column":78}},"9":{"start":{"line":76,"column":60},"end":{"line":76,"column":78}},"10":{"start":{"line":81,"column":60},"end":{"line":81,"column":78}},"11":{"start":{"line":86,"column":60},"end":{"line":86,"column":78}},"12":{"start":{"line":91,"column":60},"end":{"line":91,"column":78}}},"fnMap":{"0":{"name":"(anonymous_0)","decl":{"start":{"line":24,"column":2},"end":{"line":24,"column":3}},"loc":{"start":{"line":24,"column":11},"end":{"line":100,"column":3}},"line":24},"1":{"name":"(anonymous_1)","decl":{"start":{"line":32,"column":55},"end":{"line":32,"column":56}},"loc":{"start":{"line":32,"column":60},"end":{"line":32,"column":78}},"line":32},"2":{"name":"(anonymous_2)","decl":{"start":{"line":37,"column":55},"end":{"line":37,"column":56}},"loc":{"start":{"line":37,"column":60},"end":{"line":37,"column":78}},"line":37},"3":{"name":"(anonymous_3)","decl":{"start":{"line":42,"column":55},"end":{"line":42,"column":56}},"loc":{"start":{"line":42,"column":60},"end":{"line":42,"column":78}},"line":42},"4":{"name":"(anonymous_4)","decl":{"start":{"line":47,"column":55},"end":{"line":47,"column":56}},"loc":{"start":{"line":47,"column":60},"end":{"line":47,"column":78}},"line":47},"5":{"name":"(anonymous_5)","decl":{"start":{"line":52,"column":55},"end":{"line":52,"column":56}},"loc":{"start":{"line":52,"column":60},"end":{"line":52,"column":78}},"line":52},"6":{"name":"(anonymous_6)","decl":{"start":{"line":61,"column":55},"end":{"line":61,"column":56}},"loc":{"start":{"line":61,"column":60},"end":{"line":61,"column":78}},"line":61},"7":{"name":"(anonymous_7)","decl":{"start":{"line":66,"column":55},"end":{"line":66,"column":56}},"loc":{"start":{"line":66,"column":60},"end":{"line":66,"column":78}},"line":66},"8":{"name":"(anonymous_8)","decl":{"start":{"line":71,"column":55},"end":{"line":71,"column":56}},"loc":{"start":{"line":71,"column":60},"end":{"line":71,"column":78}},"line":71},"9":{"name":"(anonymous_9)","decl":{"start":{"line":76,"column":55},"end":{"line":76,"column":56}},"loc":{"start":{"line":76,"column":60},"end":{"line":76,"column":78}},"line":76},"10":{"name":"(anonymous_10)","decl":{"start":{"line":81,"column":55},"end":{"line":81,"column":56}},"loc":{"start":{"line":81,"column":60},"end":{"line":81,"column":78}},"line":81},"11":{"name":"(anonymous_11)","decl":{"start":{"line":86,"column":55},"end":{"line":86,"column":56}},"loc":{"start":{"line":86,"column":60},"end":{"line":86,"column":78}},"line":86},"12":{"name":"(anonymous_12)","decl":{"start":{"line":91,"column":55},"end":{"line":91,"column":56}},"loc":{"start":{"line":91,"column":60},"end":{"line":91,"column":78}},"line":91}},"branchMap":{},"s":{"0":1,"1":0,"2":0,"3":0,"4":0,"5":0,"6":0,"7":0,"8":0,"9":0,"10":0,"11":0,"12":0},"f":{"0":1,"1":0,"2":0,"3":0,"4":0,"5":0,"6":0,"7":0,"8":0,"9":0,"10":0,"11":0,"12":0},"b":{},"_coverageSchema":"1a1c01bbd47fc00a2c39e90264f33305004495a9","hash":"eeaa8554e497eddf2af9eca9f55e47fdcd9ecf1f"}
,"/Users/fandisujatmiko/Downloads/project/fanforfan/src/IndexSections/Pills.js": {"path":"/Users/fandisujatmiko/Downloads/project/fanforfan/src/IndexSections/Pills.js","statementMap":{"0":{"start":{"line":25,"column":10},"end":{"line":27,"column":3}},"1":{"start":{"line":28,"column":15},"end":{"line":33,"column":3}},"2":{"start":{"line":29,"column":4},"end":{"line":29,"column":23}},"3":{"start":{"line":30,"column":4},"end":{"line":32,"column":7}},"4":{"start":{"line":35,"column":4},"end":{"line":90,"column":6}},"5":{"start":{"line":48,"column":30},"end":{"line":48,"column":70}},"6":{"start":{"line":63,"column":30},"end":{"line":63,"column":70}},"7":{"start":{"line":78,"column":30},"end":{"line":78,"column":70}}},"fnMap":{"0":{"name":"(anonymous_0)","decl":{"start":{"line":28,"column":15},"end":{"line":28,"column":16}},"loc":{"start":{"line":28,"column":36},"end":{"line":33,"column":3}},"line":28},"1":{"name":"(anonymous_1)","decl":{"start":{"line":34,"column":2},"end":{"line":34,"column":3}},"loc":{"start":{"line":34,"column":11},"end":{"line":91,"column":3}},"line":34},"2":{"name":"(anonymous_2)","decl":{"start":{"line":48,"column":25},"end":{"line":48,"column":26}},"loc":{"start":{"line":48,"column":30},"end":{"line":48,"column":70}},"line":48},"3":{"name":"(anonymous_3)","decl":{"start":{"line":63,"column":25},"end":{"line":63,"column":26}},"loc":{"start":{"line":63,"column":30},"end":{"line":63,"column":70}},"line":63},"4":{"name":"(anonymous_4)","decl":{"start":{"line":78,"column":25},"end":{"line":78,"column":26}},"loc":{"start":{"line":78,"column":30},"end":{"line":78,"column":70}},"line":78}},"branchMap":{},"s":{"0":1,"1":1,"2":0,"3":0,"4":1,"5":0,"6":0,"7":0},"f":{"0":0,"1":1,"2":0,"3":0,"4":0},"b":{},"_coverageSchema":"1a1c01bbd47fc00a2c39e90264f33305004495a9","hash":"dc85f458205a15eba79ebd8442e517ed1615e3c3"}
,"/Users/fandisujatmiko/Downloads/project/fanforfan/src/IndexSections/Progress.js": {"path":"/Users/fandisujatmiko/Downloads/project/fanforfan/src/IndexSections/Progress.js","statementMap":{"0":{"start":{"line":25,"column":4},"end":{"line":55,"column":6}}},"fnMap":{"0":{"name":"(anonymous_0)","decl":{"start":{"line":24,"column":2},"end":{"line":24,"column":3}},"loc":{"start":{"line":24,"column":11},"end":{"line":56,"column":3}},"line":24}},"branchMap":{},"s":{"0":1},"f":{"0":1},"b":{},"_coverageSchema":"1a1c01bbd47fc00a2c39e90264f33305004495a9","hash":"211757cc86d77acd0b67cf2fc9c515363d99019a"}
,"/Users/fandisujatmiko/Downloads/project/fanforfan/src/IndexSections/Tabs.js": {"path":"/Users/fandisujatmiko/Downloads/project/fanforfan/src/IndexSections/Tabs.js","statementMap":{"0":{"start":{"line":36,"column":10},"end":{"line":39,"column":3}},"1":{"start":{"line":40,"column":15},"end":{"line":45,"column":3}},"2":{"start":{"line":41,"column":4},"end":{"line":41,"column":23}},"3":{"start":{"line":42,"column":4},"end":{"line":44,"column":7}},"4":{"start":{"line":47,"column":4},"end":{"line":242,"column":6}},"5":{"start":{"line":71,"column":34},"end":{"line":71,"column":67}},"6":{"start":{"line":85,"column":34},"end":{"line":85,"column":67}},"7":{"start":{"line":99,"column":34},"end":{"line":99,"column":67}},"8":{"start":{"line":167,"column":34},"end":{"line":167,"column":68}},"9":{"start":{"line":180,"column":34},"end":{"line":180,"column":68}},"10":{"start":{"line":193,"column":34},"end":{"line":193,"column":68}}},"fnMap":{"0":{"name":"(anonymous_0)","decl":{"start":{"line":40,"column":15},"end":{"line":40,"column":16}},"loc":{"start":{"line":40,"column":36},"end":{"line":45,"column":3}},"line":40},"1":{"name":"(anonymous_1)","decl":{"start":{"line":46,"column":2},"end":{"line":46,"column":3}},"loc":{"start":{"line":46,"column":11},"end":{"line":243,"column":3}},"line":46},"2":{"name":"(anonymous_2)","decl":{"start":{"line":71,"column":29},"end":{"line":71,"column":30}},"loc":{"start":{"line":71,"column":34},"end":{"line":71,"column":67}},"line":71},"3":{"name":"(anonymous_3)","decl":{"start":{"line":85,"column":29},"end":{"line":85,"column":30}},"loc":{"start":{"line":85,"column":34},"end":{"line":85,"column":67}},"line":85},"4":{"name":"(anonymous_4)","decl":{"start":{"line":99,"column":29},"end":{"line":99,"column":30}},"loc":{"start":{"line":99,"column":34},"end":{"line":99,"column":67}},"line":99},"5":{"name":"(anonymous_5)","decl":{"start":{"line":167,"column":29},"end":{"line":167,"column":30}},"loc":{"start":{"line":167,"column":34},"end":{"line":167,"column":68}},"line":167},"6":{"name":"(anonymous_6)","decl":{"start":{"line":180,"column":29},"end":{"line":180,"column":30}},"loc":{"start":{"line":180,"column":34},"end":{"line":180,"column":68}},"line":180},"7":{"name":"(anonymous_7)","decl":{"start":{"line":193,"column":29},"end":{"line":193,"column":30}},"loc":{"start":{"line":193,"column":34},"end":{"line":193,"column":68}},"line":193}},"branchMap":{},"s":{"0":1,"1":1,"2":0,"3":0,"4":1,"5":0,"6":0,"7":0,"8":0,"9":0,"10":0},"f":{"0":0,"1":1,"2":0,"3":0,"4":0,"5":0,"6":0,"7":0},"b":{},"_coverageSchema":"1a1c01bbd47fc00a2c39e90264f33305004495a9","hash":"4f930380612dfccd5f34fca1c1e12e94708de504"}
,"/Users/fandisujatmiko/Downloads/project/fanforfan/src/IndexSections/TooltipPopover.js": {"path":"/Users/fandisujatmiko/Downloads/project/fanforfan/src/IndexSections/TooltipPopover.js","statementMap":{"0":{"start":{"line":33,"column":4},"end":{"line":167,"column":6}}},"fnMap":{"0":{"name":"(anonymous_0)","decl":{"start":{"line":32,"column":2},"end":{"line":32,"column":3}},"loc":{"start":{"line":32,"column":11},"end":{"line":168,"column":3}},"line":32}},"branchMap":{},"s":{"0":1},"f":{"0":1},"b":{},"_coverageSchema":"1a1c01bbd47fc00a2c39e90264f33305004495a9","hash":"d5119c087f430bf77c6d56cd2db8a67b61899bc0"}
,"/Users/fandisujatmiko/Downloads/project/fanforfan/src/IndexSections/Typography.js": {"path":"/Users/fandisujatmiko/Downloads/project/fanforfan/src/IndexSections/Typography.js","statementMap":{"0":{"start":{"line":30,"column":4},"end":{"line":362,"column":6}}},"fnMap":{"0":{"name":"(anonymous_0)","decl":{"start":{"line":29,"column":2},"end":{"line":29,"column":3}},"loc":{"start":{"line":29,"column":11},"end":{"line":363,"column":3}},"line":29}},"branchMap":{},"s":{"0":1},"f":{"0":1},"b":{},"_coverageSchema":"1a1c01bbd47fc00a2c39e90264f33305004495a9","hash":"c0cc2fbcd8afb906c1c3e74acfae7a8ab8518d04"}
,"/Users/fandisujatmiko/Downloads/project/fanforfan/src/Navbars/DemoNavbar.js": {"path":"/Users/fandisujatmiko/Downloads/project/fanforfan/src/Navbars/DemoNavbar.js","statementMap":{"0":{"start":{"line":47,"column":19},"end":{"line":47,"column":71}},"1":{"start":{"line":49,"column":4},"end":{"line":49,"column":20}},"2":{"start":{"line":51,"column":10},"end":{"line":54,"column":3}},"3":{"start":{"line":56,"column":14},"end":{"line":60,"column":3}},"4":{"start":{"line":57,"column":4},"end":{"line":59,"column":7}},"5":{"start":{"line":62,"column":13},"end":{"line":66,"column":3}},"6":{"start":{"line":63,"column":4},"end":{"line":65,"column":7}},"7":{"start":{"line":69,"column":4},"end":{"line":284,"column":6}}},"fnMap":{"0":{"name":"(anonymous_0)","decl":{"start":{"line":46,"column":2},"end":{"line":46,"column":3}},"loc":{"start":{"line":46,"column":22},"end":{"line":50,"column":3}},"line":46},"1":{"name":"(anonymous_1)","decl":{"start":{"line":56,"column":14},"end":{"line":56,"column":15}},"loc":{"start":{"line":56,"column":20},"end":{"line":60,"column":3}},"line":56},"2":{"name":"(anonymous_2)","decl":{"start":{"line":62,"column":13},"end":{"line":62,"column":14}},"loc":{"start":{"line":62,"column":19},"end":{"line":66,"column":3}},"line":62},"3":{"name":"(anonymous_3)","decl":{"start":{"line":68,"column":2},"end":{"line":68,"column":3}},"loc":{"start":{"line":68,"column":11},"end":{"line":285,"column":3}},"line":68}},"branchMap":{},"s":{"0":1,"1":1,"2":1,"3":1,"4":0,"5":1,"6":0,"7":1},"f":{"0":1,"1":0,"2":0,"3":1},"b":{},"_coverageSchema":"1a1c01bbd47fc00a2c39e90264f33305004495a9","hash":"406e5c5b4c4999760687032647926609b8cb5bf1"}
}
