TN:
SF:src/App.js
FN:33,(anonymous_0)
FN:40,(anonymous_1)
FNF:2
FNH:2
FNDA:1,(anonymous_0)
FNDA:1,(anonymous_1)
DA:34,1
DA:35,0
DA:36,0
DA:37,0
DA:41,1
LF:5
LH:2
BRDA:34,0,0,0
BRDA:34,0,1,1
BRF:2
BRH:1
end_of_record
TN:
SF:src/index.js
FNF:0
FNH:0
DA:15,0
DA:25,0
LF:2
LH:0
BRF:0
BRH:0
end_of_record
TN:
SF:src/Footers/CardsFooter.js
FN:39,(anonymous_0)
FNF:1
FNH:1
FNDA:1,(anonymous_0)
DA:40,1
LF:1
LH:1
BRF:0
BRH:0
end_of_record
TN:
SF:src/Footers/SimpleFooter.js
FN:33,(anonymous_0)
FNF:1
FNH:0
FNDA:0,(anonymous_0)
DA:34,0
LF:1
LH:0
BRF:0
BRH:0
end_of_record
TN:
SF:src/IndexSections/Alerts.js
FN:24,(anonymous_0)
FNF:1
FNH:1
FNDA:1,(anonymous_0)
DA:25,1
LF:1
LH:1
BRF:0
BRH:0
end_of_record
TN:
SF:src/IndexSections/Buttons.js
FN:24,(anonymous_0)
FN:165,(anonymous_1)
FN:173,(anonymous_2)
FN:181,(anonymous_3)
FN:189,(anonymous_4)
FN:197,(anonymous_5)
FN:205,(anonymous_6)
FNF:7
FNH:1
FNDA:1,(anonymous_0)
FNDA:0,(anonymous_1)
FNDA:0,(anonymous_2)
FNDA:0,(anonymous_3)
FNDA:0,(anonymous_4)
FNDA:0,(anonymous_5)
FNDA:0,(anonymous_6)
DA:25,1
DA:165,0
DA:173,0
DA:181,0
DA:189,0
DA:197,0
DA:205,0
LF:7
LH:1
BRF:0
BRH:0
end_of_record
TN:
SF:src/IndexSections/Carousel.js
FN:42,(anonymous_0)
FNF:1
FNH:1
FNDA:1,(anonymous_0)
DA:26,1
DA:43,1
LF:2
LH:2
BRF:0
BRH:0
end_of_record
TN:
SF:src/IndexSections/CustomControls.js
FN:30,(anonymous_0)
FN:40,(anonymous_1)
FN:54,(anonymous_2)
FN:59,(anonymous_3)
FNF:4
FNH:4
FNDA:1,(anonymous_0)
FNDA:1,(anonymous_1)
FNDA:2,(anonymous_2)
FNDA:2,(anonymous_3)
DA:25,1
DA:32,1
DA:33,1
DA:41,1
DA:46,1
DA:47,1
DA:55,2
DA:60,2
LF:8
LH:8
BRF:0
BRH:0
end_of_record
TN:
SF:src/IndexSections/Datepicker.js
FN:34,(anonymous_0)
FN:64,(anonymous_1)
FN:87,(anonymous_2)
FN:133,(anonymous_3)
FN:136,(anonymous_4)
FN:166,(anonymous_5)
FN:169,(anonymous_6)
FNF:7
FNH:4
FNDA:0,(anonymous_0)
FNDA:84,(anonymous_1)
FNDA:1,(anonymous_2)
FNDA:0,(anonymous_3)
FNDA:42,(anonymous_4)
FNDA:0,(anonymous_5)
FNDA:42,(anonymous_6)
DA:33,1
DA:34,1
DA:35,0
DA:40,0
DA:44,0
DA:49,0
DA:54,0
DA:64,1
DA:65,84
DA:67,84
DA:72,0
DA:76,0
DA:78,0
DA:79,0
DA:81,0
DA:82,0
DA:85,84
DA:88,1
DA:134,0
DA:137,42
DA:138,42
DA:141,42
DA:167,0
DA:170,42
DA:171,42
DA:174,42
LF:26
LH:13
BRDA:35,0,0,0
BRDA:35,0,1,0
BRDA:36,1,0,0
BRDA:36,1,1,0
BRDA:36,1,2,0
BRDA:44,2,0,0
BRDA:44,2,1,0
BRDA:45,3,0,0
BRDA:45,3,1,0
BRDA:45,3,2,0
BRDA:65,4,0,0
BRDA:65,4,1,84
BRDA:65,5,0,84
BRDA:65,5,1,0
BRDA:67,6,0,0
BRDA:67,6,1,84
BRDA:68,7,0,84
BRDA:68,7,1,0
BRDA:68,7,2,0
BRDA:72,8,0,0
BRDA:72,8,1,0
BRDA:73,9,0,0
BRDA:73,9,1,0
BRDA:78,10,0,0
BRDA:78,10,1,0
BRDA:81,11,0,0
BRDA:81,11,1,0
BRF:27
BRH:4
end_of_record
TN:
SF:src/IndexSections/Download.js
FN:25,(anonymous_0)
FNF:1
FNH:1
FNDA:1,(anonymous_0)
DA:26,1
LF:1
LH:1
BRF:0
BRH:0
end_of_record
TN:
SF:src/IndexSections/Hero.js
FN:26,(anonymous_0)
FNF:1
FNH:1
FNDA:1,(anonymous_0)
DA:27,1
LF:1
LH:1
BRF:0
BRH:0
end_of_record
TN:
SF:src/IndexSections/Icons.js
FN:24,(anonymous_0)
FNF:1
FNH:1
FNDA:1,(anonymous_0)
DA:25,1
LF:1
LH:1
BRF:0
BRH:0
end_of_record
TN:
SF:src/IndexSections/Inputs.js
FN:35,(anonymous_0)
FN:66,(anonymous_1)
FN:67,(anonymous_2)
FN:85,(anonymous_3)
FN:86,(anonymous_4)
FN:145,(anonymous_5)
FN:146,(anonymous_6)
FN:169,(anonymous_7)
FN:172,(anonymous_8)
FNF:9
FNH:1
FNDA:1,(anonymous_0)
FNDA:0,(anonymous_1)
FNDA:0,(anonymous_2)
FNDA:0,(anonymous_3)
FNDA:0,(anonymous_4)
FNDA:0,(anonymous_5)
FNDA:0,(anonymous_6)
FNDA:0,(anonymous_7)
FNDA:0,(anonymous_8)
DA:34,1
DA:36,1
DA:66,0
DA:67,0
DA:85,0
DA:86,0
DA:145,0
DA:146,0
DA:170,0
DA:173,0
LF:10
LH:2
BRF:0
BRH:0
end_of_record
TN:
SF:src/IndexSections/Labels.js
FN:24,(anonymous_0)
FNF:1
FNH:1
FNDA:1,(anonymous_0)
DA:25,1
LF:1
LH:1
BRF:0
BRH:0
end_of_record
TN:
SF:src/IndexSections/Login.js
FN:45,(anonymous_0)
FN:99,(anonymous_1)
FN:113,(anonymous_2)
FN:144,(anonymous_3)
FN:147,(anonymous_4)
FN:168,(anonymous_5)
FN:171,(anonymous_6)
FNF:7
FNH:1
FNDA:1,(anonymous_0)
FNDA:0,(anonymous_1)
FNDA:0,(anonymous_2)
FNDA:0,(anonymous_3)
FNDA:0,(anonymous_4)
FNDA:0,(anonymous_5)
FNDA:0,(anonymous_6)
DA:44,1
DA:46,1
DA:99,0
DA:113,0
DA:145,0
DA:148,0
DA:169,0
DA:172,0
LF:8
LH:2
BRF:0
BRH:0
end_of_record
TN:
SF:src/IndexSections/Menus.js
FN:41,(anonymous_0)
FN:59,(anonymous_1)
FN:93,(anonymous_2)
FN:101,(anonymous_3)
FN:114,(anonymous_4)
FN:120,(anonymous_5)
FN:127,(anonymous_6)
FN:148,(anonymous_7)
FN:182,(anonymous_8)
FN:194,(anonymous_9)
FN:215,(anonymous_10)
FN:221,(anonymous_11)
FN:228,(anonymous_12)
FNF:13
FNH:1
FNDA:1,(anonymous_0)
FNDA:0,(anonymous_1)
FNDA:0,(anonymous_2)
FNDA:0,(anonymous_3)
FNDA:0,(anonymous_4)
FNDA:0,(anonymous_5)
FNDA:0,(anonymous_6)
FNDA:0,(anonymous_7)
FNDA:0,(anonymous_8)
FNDA:0,(anonymous_9)
FNDA:0,(anonymous_10)
FNDA:0,(anonymous_11)
FNDA:0,(anonymous_12)
DA:42,1
DA:59,0
DA:93,0
DA:101,0
DA:114,0
DA:120,0
DA:127,0
DA:148,0
DA:182,0
DA:194,0
DA:215,0
DA:221,0
DA:228,0
LF:13
LH:1
BRF:0
BRH:0
end_of_record
TN:
SF:src/IndexSections/Modals.js
FN:43,(anonymous_0)
FN:48,(anonymous_1)
FN:62,(anonymous_2)
FN:69,(anonymous_3)
FN:80,(anonymous_4)
FN:107,(anonymous_5)
FN:120,(anonymous_6)
FN:128,(anonymous_7)
FN:139,(anonymous_8)
FN:163,(anonymous_9)
FN:175,(anonymous_10)
FN:183,(anonymous_11)
FN:196,(anonymous_12)
FN:210,(anonymous_13)
FN:241,(anonymous_14)
FN:242,(anonymous_15)
FN:261,(anonymous_16)
FN:264,(anonymous_17)
FNF:18
FNH:1
FNDA:0,(anonymous_0)
FNDA:1,(anonymous_1)
FNDA:0,(anonymous_2)
FNDA:0,(anonymous_3)
FNDA:0,(anonymous_4)
FNDA:0,(anonymous_5)
FNDA:0,(anonymous_6)
FNDA:0,(anonymous_7)
FNDA:0,(anonymous_8)
FNDA:0,(anonymous_9)
FNDA:0,(anonymous_10)
FNDA:0,(anonymous_11)
FNDA:0,(anonymous_12)
FNDA:0,(anonymous_13)
FNDA:0,(anonymous_14)
FNDA:0,(anonymous_15)
FNDA:0,(anonymous_16)
FNDA:0,(anonymous_17)
DA:42,1
DA:43,1
DA:44,0
DA:49,1
DA:62,0
DA:69,0
DA:80,0
DA:107,0
DA:120,0
DA:128,0
DA:139,0
DA:163,0
DA:175,0
DA:183,0
DA:196,0
DA:210,0
DA:241,0
DA:242,0
DA:262,0
DA:265,0
LF:20
LH:3
BRF:0
BRH:0
end_of_record
TN:
SF:src/IndexSections/Navbars.js
FN:41,(anonymous_0)
FN:54,(anonymous_1)
FN:84,(anonymous_2)
FN:96,(anonymous_3)
FN:117,(anonymous_4)
FN:123,(anonymous_5)
FN:130,(anonymous_6)
FN:143,(anonymous_7)
FN:170,(anonymous_8)
FN:175,(anonymous_9)
FN:187,(anonymous_10)
FN:193,(anonymous_11)
FN:200,(anonymous_12)
FN:213,(anonymous_13)
FN:243,(anonymous_14)
FN:255,(anonymous_15)
FN:276,(anonymous_16)
FN:282,(anonymous_17)
FN:289,(anonymous_18)
FN:302,(anonymous_19)
FN:332,(anonymous_20)
FN:344,(anonymous_21)
FN:356,(anonymous_22)
FN:368,(anonymous_23)
FN:383,(anonymous_24)
FN:413,(anonymous_25)
FN:425,(anonymous_26)
FN:437,(anonymous_27)
FN:452,(anonymous_28)
FN:482,(anonymous_29)
FN:492,(anonymous_30)
FN:502,(anonymous_31)
FNF:32
FNH:1
FNDA:1,(anonymous_0)
FNDA:0,(anonymous_1)
FNDA:0,(anonymous_2)
FNDA:0,(anonymous_3)
FNDA:0,(anonymous_4)
FNDA:0,(anonymous_5)
FNDA:0,(anonymous_6)
FNDA:0,(anonymous_7)
FNDA:0,(anonymous_8)
FNDA:0,(anonymous_9)
FNDA:0,(anonymous_10)
FNDA:0,(anonymous_11)
FNDA:0,(anonymous_12)
FNDA:0,(anonymous_13)
FNDA:0,(anonymous_14)
FNDA:0,(anonymous_15)
FNDA:0,(anonymous_16)
FNDA:0,(anonymous_17)
FNDA:0,(anonymous_18)
FNDA:0,(anonymous_19)
FNDA:0,(anonymous_20)
FNDA:0,(anonymous_21)
FNDA:0,(anonymous_22)
FNDA:0,(anonymous_23)
FNDA:0,(anonymous_24)
FNDA:0,(anonymous_25)
FNDA:0,(anonymous_26)
FNDA:0,(anonymous_27)
FNDA:0,(anonymous_28)
FNDA:0,(anonymous_29)
FNDA:0,(anonymous_30)
FNDA:0,(anonymous_31)
DA:42,1
DA:54,0
DA:84,0
DA:96,0
DA:117,0
DA:123,0
DA:130,0
DA:143,0
DA:170,0
DA:175,0
DA:187,0
DA:193,0
DA:200,0
DA:213,0
DA:243,0
DA:255,0
DA:276,0
DA:282,0
DA:289,0
DA:302,0
DA:332,0
DA:344,0
DA:356,0
DA:368,0
DA:383,0
DA:413,0
DA:425,0
DA:437,0
DA:452,0
DA:482,0
DA:492,0
DA:502,0
LF:32
LH:1
BRF:0
BRH:0
end_of_record
TN:
SF:src/IndexSections/Pagination.js
FN:24,(anonymous_0)
FN:32,(anonymous_1)
FN:37,(anonymous_2)
FN:42,(anonymous_3)
FN:47,(anonymous_4)
FN:52,(anonymous_5)
FN:61,(anonymous_6)
FN:66,(anonymous_7)
FN:71,(anonymous_8)
FN:76,(anonymous_9)
FN:81,(anonymous_10)
FN:86,(anonymous_11)
FN:91,(anonymous_12)
FNF:13
FNH:1
FNDA:1,(anonymous_0)
FNDA:0,(anonymous_1)
FNDA:0,(anonymous_2)
FNDA:0,(anonymous_3)
FNDA:0,(anonymous_4)
FNDA:0,(anonymous_5)
FNDA:0,(anonymous_6)
FNDA:0,(anonymous_7)
FNDA:0,(anonymous_8)
FNDA:0,(anonymous_9)
FNDA:0,(anonymous_10)
FNDA:0,(anonymous_11)
FNDA:0,(anonymous_12)
DA:25,1
DA:32,0
DA:37,0
DA:42,0
DA:47,0
DA:52,0
DA:61,0
DA:66,0
DA:71,0
DA:76,0
DA:81,0
DA:86,0
DA:91,0
LF:13
LH:1
BRF:0
BRH:0
end_of_record
TN:
SF:src/IndexSections/Pills.js
FN:28,(anonymous_0)
FN:34,(anonymous_1)
FN:48,(anonymous_2)
FN:63,(anonymous_3)
FN:78,(anonymous_4)
FNF:5
FNH:1
FNDA:0,(anonymous_0)
FNDA:1,(anonymous_1)
FNDA:0,(anonymous_2)
FNDA:0,(anonymous_3)
FNDA:0,(anonymous_4)
DA:25,1
DA:28,1
DA:29,0
DA:30,0
DA:35,1
DA:48,0
DA:63,0
DA:78,0
LF:8
LH:3
BRF:0
BRH:0
end_of_record
TN:
SF:src/IndexSections/Progress.js
FN:24,(anonymous_0)
FNF:1
FNH:1
FNDA:1,(anonymous_0)
DA:25,1
LF:1
LH:1
BRF:0
BRH:0
end_of_record
TN:
SF:src/IndexSections/Tabs.js
FN:40,(anonymous_0)
FN:46,(anonymous_1)
FN:71,(anonymous_2)
FN:85,(anonymous_3)
FN:99,(anonymous_4)
FN:167,(anonymous_5)
FN:180,(anonymous_6)
FN:193,(anonymous_7)
FNF:8
FNH:1
FNDA:0,(anonymous_0)
FNDA:1,(anonymous_1)
FNDA:0,(anonymous_2)
FNDA:0,(anonymous_3)
FNDA:0,(anonymous_4)
FNDA:0,(anonymous_5)
FNDA:0,(anonymous_6)
FNDA:0,(anonymous_7)
DA:36,1
DA:40,1
DA:41,0
DA:42,0
DA:47,1
DA:71,0
DA:85,0
DA:99,0
DA:167,0
DA:180,0
DA:193,0
LF:11
LH:3
BRF:0
BRH:0
end_of_record
TN:
SF:src/IndexSections/TooltipPopover.js
FN:32,(anonymous_0)
FNF:1
FNH:1
FNDA:1,(anonymous_0)
DA:33,1
LF:1
LH:1
BRF:0
BRH:0
end_of_record
TN:
SF:src/IndexSections/Typography.js
FN:29,(anonymous_0)
FNF:1
FNH:1
FNDA:1,(anonymous_0)
DA:30,1
LF:1
LH:1
BRF:0
BRH:0
end_of_record
TN:
SF:src/Navbars/DemoNavbar.js
FN:46,(anonymous_0)
FN:56,(anonymous_1)
FN:62,(anonymous_2)
FN:68,(anonymous_3)
FNF:4
FNH:2
FNDA:1,(anonymous_0)
FNDA:0,(anonymous_1)
FNDA:0,(anonymous_2)
FNDA:1,(anonymous_3)
DA:47,1
DA:49,1
DA:51,1
DA:56,1
DA:57,0
DA:62,1
DA:63,0
DA:69,1
LF:8
LH:6
BRF:0
BRH:0
end_of_record
